<?xml version="1.0" encoding="UTF-8"?>
<testsuite name="com.biometric.poc.lib.challenge.ChallengeServiceTest" tests="3" skipped="0" failures="0" errors="0" timestamp="2026-03-28T10:04:32" hostname="DESKTOP-FEPFV5M" time="1.557">
  <properties/>
  <testcase name="createSession_thenValidateSession_success()" classname="com.biometric.poc.lib.challenge.ChallengeServiceTest" time="0.03"/>
  <testcase name="validateSession_expired_throwsException()" classname="com.biometric.poc.lib.challenge.ChallengeServiceTest" time="0.002"/>
  <testcase name="generateChallenge_returns64charHex()" classname="com.biometric.poc.lib.challenge.ChallengeServiceTest" time="1.517"/>
  <system-out><![CDATA[]]></system-out>
  <system-err><![CDATA[WARNING: A Java agent has been loaded dynamically (C:\Users\Tommy\.gradle\caches\modules-2\files-2.1\net.bytebuddy\byte-buddy-agent\1.14.12\be4984cb6fd1ef1d11f218a648889dfda44b8a15\byte-buddy-agent-1.14.12.jar)
WARNING: If a serviceability tool is in use, please run with -XX:+EnableDynamicAgentLoading to hide this warning
WARNING: If a serviceability tool is not in use, please run with -Djdk.instrument.traceUsage for more information
WARNING: Dynamic loading of agents will be disallowed by default in a future release
]]></system-err>
</testsuite>
