<?xml version="1.0" encoding="UTF-8"?>
<testsuite name="com.biometric.poc.controller.AuthControllerIntegrationTest" tests="6" skipped="0" failures="0" errors="0" timestamp="2026-03-28T10:05:49" hostname="DESKTOP-FEPFV5M" time="0.073">
  <properties/>
  <testcase name="challenge_accountLocked_returns423()" classname="com.biometric.poc.controller.AuthControllerIntegrationTest" time="0.023"/>
  <testcase name="challenge_deviceNotFound_returns404()" classname="com.biometric.poc.controller.AuthControllerIntegrationTest" time="0.008"/>
  <testcase name="registerDevice_success()" classname="com.biometric.poc.controller.AuthControllerIntegrationTest" time="0.006"/>
  <testcase name="challenge_keyInvalidated_returns409()" classname="com.biometric.poc.controller.AuthControllerIntegrationTest" time="0.012"/>
  <testcase name="registerDevice_duplicate_returns409()" classname="com.biometric.poc.controller.AuthControllerIntegrationTest" time="0.013"/>
  <testcase name="token_sessionExpired_returns401()" classname="com.biometric.poc.controller.AuthControllerIntegrationTest" time="0.006"/>
  <system-out><![CDATA[2026-03-28T19:05:49.565+09:00  INFO 14068 --- [    Test worker] t.c.s.AnnotationConfigContextLoaderUtils : Could not detect default configuration classes for test class [com.biometric.poc.controller.AuthControllerIntegrationTest]: AuthControllerIntegrationTest does not declare any static, non-private, non-final, nested classes annotated with @Configuration.
2026-03-28T19:05:49.583+09:00  INFO 14068 --- [    Test worker] .b.t.c.SpringBootTestContextBootstrapper : Found @SpringBootConfiguration com.biometric.poc.BiometricAuthApplication for test class com.biometric.poc.controller.AuthControllerIntegrationTest
]]></system-out>
  <system-err><![CDATA[]]></system-err>
</testsuite>
