<?xml version="1.0" encoding="UTF-8"?>
<testsuite name="com.biometric.poc.SchemaSqlVerificationTest" tests="2" skipped="0" failures="0" errors="0" timestamp="2026-03-28T10:05:49" hostname="DESKTOP-FEPFV5M" time="0.031">
  <properties/>
  <testcase name="table_and_column_remarks_exist()" classname="com.biometric.poc.SchemaSqlVerificationTest" time="0.023"/>
  <testcase name="columns_types_and_public_key_length()" classname="com.biometric.poc.SchemaSqlVerificationTest" time="0.006"/>
  <system-out><![CDATA[2026-03-28T19:05:48.321+09:00  INFO 14068 --- [    Test worker] t.c.s.AnnotationConfigContextLoaderUtils : Could not detect default configuration classes for test class [com.biometric.poc.SchemaSqlVerificationTest]: SchemaSqlVerificationTest does not declare any static, non-private, non-final, nested classes annotated with @Configuration.
2026-03-28T19:05:48.322+09:00  INFO 14068 --- [    Test worker] .b.t.c.SpringBootTestContextBootstrapper : Found @SpringBootConfiguration com.biometric.poc.BiometricAuthApplication for test class com.biometric.poc.SchemaSqlVerificationTest

  .   ____          _            __ _ _
 /\\ / ___'_ __ _ _(_)_ __  __ _ \ \ \ \
( ( )\___ | '_ | '_| | '_ \/ _` | \ \ \ \
 \\/  ___)| |_)| | | | | || (_| |  ) ) ) )
  '  |____| .__|_| |_|_| |_\__, | / / / /
 =========|_|==============|___/=/_/_/_/

 :: Spring Boot ::                (v3.3.5)

2026-03-28T19:05:48.459+09:00  INFO 14068 --- [    Test worker] c.b.poc.SchemaSqlVerificationTest        : Starting SchemaSqlVerificationTest using Java 21 with PID 14068 (started by Tommy in D:\biometric-poc\biometric-auth-server\biometric-auth-app)
2026-03-28T19:05:48.459+09:00  INFO 14068 --- [    Test worker] c.b.poc.SchemaSqlVerificationTest        : The following 1 profile is active: "test"
2026-03-28T19:05:49.001+09:00  INFO 14068 --- [    Test worker] com.zaxxer.hikari.HikariDataSource       : HikariPool-2 - Starting...
2026-03-28T19:05:49.003+09:00  INFO 14068 --- [    Test worker] com.zaxxer.hikari.pool.HikariPool        : HikariPool-2 - Added connection conn10: url=jdbc:h2:mem:biometric user=SA
2026-03-28T19:05:49.003+09:00  INFO 14068 --- [    Test worker] com.zaxxer.hikari.HikariDataSource       : HikariPool-2 - Start completed.
2026-03-28T19:05:49.188+09:00  WARN 14068 --- [    Test worker] .s.s.UserDetailsServiceAutoConfiguration : 

Using generated security password: 0116bab5-0f69-45cb-9350-c25d3e0af05a

This generated password is for development use only. Your security configuration must be updated before running your application in production.

2026-03-28T19:05:49.190+09:00  INFO 14068 --- [    Test worker] r$InitializeUserDetailsManagerConfigurer : Global AuthenticationManager configured with UserDetailsService bean with name inMemoryUserDetailsManager
2026-03-28T19:05:49.440+09:00  INFO 14068 --- [    Test worker] o.s.b.a.h2.H2ConsoleAutoConfiguration    : H2 console available at '/h2-console'. Database available at 'jdbc:h2:mem:biometric'
2026-03-28T19:05:49.527+09:00  INFO 14068 --- [    Test worker] c.b.poc.SchemaSqlVerificationTest        : Started SchemaSqlVerificationTest in 1.199 seconds (process running for 9.503)
]]></system-out>
  <system-err><![CDATA[]]></system-err>
</testsuite>
