<?xml version="1.0" encoding="UTF-8"?>
<testsuite name="com.biometric.poc.controller.DeviceControllerIntegrationTest" tests="3" skipped="0" failures="0" errors="0" timestamp="2026-03-28T10:05:49" hostname="DESKTOP-FEPFV5M" time="0.044">
  <properties/>
  <testcase name="updateKey_success()" classname="com.biometric.poc.controller.DeviceControllerIntegrationTest" time="0.029"/>
  <testcase name="getUserId_alwaysReturnsUser01()" classname="com.biometric.poc.controller.DeviceControllerIntegrationTest" time="0.006"/>
  <testcase name="updateKey_deviceNotFound_returns404()" classname="com.biometric.poc.controller.DeviceControllerIntegrationTest" time="0.005"/>
  <system-out><![CDATA[2026-03-28T19:05:49.663+09:00  INFO 14068 --- [    Test worker] t.c.s.AnnotationConfigContextLoaderUtils : Could not detect default configuration classes for test class [com.biometric.poc.controller.DeviceControllerIntegrationTest]: DeviceControllerIntegrationTest does not declare any static, non-private, non-final, nested classes annotated with @Configuration.
2026-03-28T19:05:49.666+09:00  INFO 14068 --- [    Test worker] .b.t.c.SpringBootTestContextBootstrapper : Found @SpringBootConfiguration com.biometric.poc.BiometricAuthApplication for test class com.biometric.poc.controller.DeviceControllerIntegrationTest
]]></system-out>
  <system-err><![CDATA[]]></system-err>
</testsuite>
