<?xml version="1.0" encoding="UTF-8"?>
<testsuite name="com.biometric.poc.FullFlowIntegrationTest" tests="2" skipped="0" failures="0" errors="0" timestamp="2026-03-28T10:05:46" hostname="DESKTOP-FEPFV5M" time="2.04">
  <properties/>
  <testcase name="fullFlow_register_challenge_token_success()" classname="com.biometric.poc.FullFlowIntegrationTest" time="1.991"/>
  <testcase name="fullFlow_token_replay_nonce_rejected()" classname="com.biometric.poc.FullFlowIntegrationTest" time="0.047"/>
  <system-out><![CDATA[19:05:41.236 [Test worker] INFO org.springframework.test.context.support.AnnotationConfigContextLoaderUtils -- Could not detect default configuration classes for test class [com.biometric.poc.FullFlowIntegrationTest]: FullFlowIntegrationTest does not declare any static, non-private, non-final, nested classes annotated with @Configuration.
19:05:41.444 [Test worker] INFO org.springframework.boot.test.context.SpringBootTestContextBootstrapper -- Found @SpringBootConfiguration com.biometric.poc.BiometricAuthApplication for test class com.biometric.poc.FullFlowIntegrationTest

  .   ____          _            __ _ _
 /\\ / ___'_ __ _ _(_)_ __  __ _ \ \ \ \
( ( )\___ | '_ | '_| | '_ \/ _` | \ \ \ \
 \\/  ___)| |_)| | | | | || (_| |  ) ) ) )
  '  |____| .__|_| |_|_| |_\__, | / / / /
 =========|_|==============|___/=/_/_/_/

 :: Spring Boot ::                (v3.3.5)

2026-03-28T19:05:42.512+09:00  INFO 14068 --- [    Test worker] c.biometric.poc.FullFlowIntegrationTest  : Starting FullFlowIntegrationTest using Java 21 with PID 14068 (started by Tommy in D:\biometric-poc\biometric-auth-server\biometric-auth-app)
2026-03-28T19:05:42.516+09:00  INFO 14068 --- [    Test worker] c.biometric.poc.FullFlowIntegrationTest  : The following 1 profile is active: "test"
2026-03-28T19:05:44.395+09:00  INFO 14068 --- [    Test worker] com.zaxxer.hikari.HikariDataSource       : HikariPool-1 - Starting...
2026-03-28T19:05:44.719+09:00  INFO 14068 --- [    Test worker] com.zaxxer.hikari.pool.HikariPool        : HikariPool-1 - Added connection conn0: url=jdbc:h2:mem:biometric user=SA
2026-03-28T19:05:44.722+09:00  INFO 14068 --- [    Test worker] com.zaxxer.hikari.HikariDataSource       : HikariPool-1 - Start completed.
2026-03-28T19:05:45.063+09:00  WARN 14068 --- [    Test worker] .s.s.UserDetailsServiceAutoConfiguration : 

Using generated security password: 8a01f88f-c4e2-4d6c-b3f4-22d6540b072e

This generated password is for development use only. Your security configuration must be updated before running your application in production.

2026-03-28T19:05:45.114+09:00  INFO 14068 --- [    Test worker] r$InitializeUserDetailsManagerConfigurer : Global AuthenticationManager configured with UserDetailsService bean with name inMemoryUserDetailsManager
2026-03-28T19:05:45.994+09:00  INFO 14068 --- [    Test worker] o.s.b.a.h2.H2ConsoleAutoConfiguration    : H2 console available at '/h2-console'. Database available at 'jdbc:h2:mem:biometric'
2026-03-28T19:05:46.134+09:00  INFO 14068 --- [    Test worker] o.s.b.t.m.w.SpringBootMockServletContext : Initializing Spring TestDispatcherServlet ''
2026-03-28T19:05:46.134+09:00  INFO 14068 --- [    Test worker] o.s.t.web.servlet.TestDispatcherServlet  : Initializing Servlet ''
2026-03-28T19:05:46.139+09:00  INFO 14068 --- [    Test worker] o.s.t.web.servlet.TestDispatcherServlet  : Completed initialization in 4 ms
2026-03-28T19:05:46.229+09:00  INFO 14068 --- [    Test worker] c.biometric.poc.FullFlowIntegrationTest  : Started FullFlowIntegrationTest in 4.251 seconds (process running for 6.204)
]]></system-out>
  <system-err><![CDATA[WARNING: A Java agent has been loaded dynamically (C:\Users\Tommy\.gradle\caches\modules-2\files-2.1\net.bytebuddy\byte-buddy-agent\1.14.19\154da3a65b4f4a909d3e5bdec55d1b2b4cbb6ce1\byte-buddy-agent-1.14.19.jar)
WARNING: If a serviceability tool is in use, please run with -XX:+EnableDynamicAgentLoading to hide this warning
WARNING: If a serviceability tool is not in use, please run with -Djdk.instrument.traceUsage for more information
WARNING: Dynamic loading of agents will be disallowed by default in a future release
]]></system-err>
</testsuite>
